rm: cannot remove '/c/Users/a.ferdous.CORP/PycharmProjects/com.CheckProofing/creative_analyzer_final_copy/data/output/proof_reports/archive': Is a directory
rm: cannot remove '/c/Users/a.ferdous.CORP/PycharmProjects/com.CheckProofing/creative_analyzer_final_copy/data/output/proof_reports/main_reports': Is a directory
['-i', 'Proof_R2-N1_eComm_Week06_End_of_Winter_Event_210210EPPundefinedV4.htm']
Hyper_Links: Hyper_Links
Image_Text: Image_Text
Subject_line: Subject_Line
Visible_Text: Visible_Text
Report_File: Report-Proof_R2-N1_eComm_Week06_End_of_Winter_Event_210210EPPundefinedV4-1612925808
Main Directory:  C:\Users\a.ferdous.CORP\PycharmProjects\com.CheckProofing\creative_analyzer_final_copy
#################### Extract Images Start ####################
Image Source:  ParseResult(scheme='http', netloc='t.info.samsungusa.com', path='/res/samsung/8552814a7539789dd7a05eb53c7d8100.jpg', params='', query='', fragment='')
Image Source:  ParseResult(scheme='http', netloc='t.info.samsungusa.com', path='/res/samsung/c7a58e26c304c5abfc889a7224bbcf91.jpg', params='', query='', fragment='')
Image Source:  ParseResult(scheme='http', netloc='t.info.samsungusa.com', path='/res/samsung/ecb10ac1c6ad0d37ef499fc32ab3fca0.jpg', params='', query='', fragment='')
Image Source:  ParseResult(scheme='http', netloc='t.info.samsungusa.com', path='/res/samsung/d02b4fe64d2a5267a17f199eaaa1c32f.jpg', params='', query='', fragment='')
Image Source:  ParseResult(scheme='http', netloc='t.info.samsungusa.com', path='/res/samsung/2ac119f9932ec00eb865477761e56c6d.jpg', params='', query='', fragment='')
Image Source:  ParseResult(scheme='http', netloc='t.info.samsungusa.com', path='/res/samsung/f4e4a683433881c77a8946be3c053b96.jpg', params='', query='', fragment='')
Image Source:  ParseResult(scheme='http', netloc='t.info.samsungusa.com', path='/res/samsung/e0cfa9f719c2be932b29b6d969d20617.jpg', params='', query='', fragment='')
Image Source:  ParseResult(scheme='http', netloc='t.info.samsungusa.com', path='/res/samsung/d02b4fe64d2a5267a17f199eaaa1c32f.jpg', params='', query='', fragment='')
Image Source:  ParseResult(scheme='http', netloc='t.info.samsungusa.com', path='/res/samsung/2f4513b94b03e1d68ca2c7899672d750.jpg', params='', query='', fragment='')
Image Source:  ParseResult(scheme='http', netloc='t.info.samsungusa.com', path='/res/samsung/5fe8d4f803798768e94794a915034f44.jpg', params='', query='', fragment='')
Image Source:  ParseResult(scheme='http', netloc='t.info.samsungusa.com', path='/res/samsung/67fd198e3743c0a4f1bed20236e9b37b.jpg', params='', query='', fragment='')
Image Source:  ParseResult(scheme='http', netloc='t.info.samsungusa.com', path='/res/samsung/aa9f08e81fecf4ae4001208c831d0b50.jpg', params='', query='', fragment='')
Image Source:  ParseResult(scheme='http', netloc='t.info.samsungusa.com', path='/res/samsung/0d7d42149b2895fc2cb8f339e81d483f.jpg', params='', query='', fragment='')
Image Source:  ParseResult(scheme='http', netloc='t.info.samsungusa.com', path='/res/samsung/16359f4b95db2387c991d04533d3470e.jpg', params='', query='', fragment='')
Image Source:  ParseResult(scheme='http', netloc='t.info.samsungusa.com', path='/res/samsung/b72d084d59855221a067ad4334516e0c.jpg', params='', query='', fragment='')
Image Source:  ParseResult(scheme='http', netloc='t.info.samsungusa.com', path='/res/samsung/d02b4fe64d2a5267a17f199eaaa1c32f.jpg', params='', query='', fragment='')
Image Source:  ParseResult(scheme='http', netloc='t.info.samsungusa.com', path='/res/samsung/4a36054f312da809fe9af9849662f92e.jpg', params='', query='', fragment='')
Image Source:  ParseResult(scheme='http', netloc='t.info.samsungusa.com', path='/res/samsung/a88bfa089d4723d486efc025ec50b32c.jpg', params='', query='', fragment='')
Image Source:  ParseResult(scheme='http', netloc='t.info.samsungusa.com', path='/res/samsung/698ce253d979f38c36960c0b970cd4c6.jpg', params='', query='', fragment='')
Image Source:  ParseResult(scheme='http', netloc='t.info.samsungusa.com', path='/res/samsung/9d09736bf5a825fb94742b8aa92dbf56.jpg', params='', query='', fragment='')
Image Source:  ParseResult(scheme='http', netloc='t.info.samsungusa.com', path='/res/samsung/5fa23923f69e75ddf099ca379c488274.jpg', params='', query='', fragment='')
Image Source:  ParseResult(scheme='http', netloc='t.info.samsungusa.com', path='/res/samsung/9f0ce23453d75a4e062140a166dd7564.jpg', params='', query='', fragment='')
Image Source:  ParseResult(scheme='http', netloc='t.info.samsungusa.com', path='/res/samsung/c9086c18a380b1dec70e6a601de05f5c.jpg', params='', query='', fragment='')
Image Source:  ParseResult(scheme='http', netloc='t.info.samsungusa.com', path='/res/samsung/d4341a7d7607ae4f8588de5ec054fc3f.jpg', params='', query='', fragment='')
Image Source:  ParseResult(scheme='http', netloc='t.info.samsungusa.com', path='/res/samsung/9b50fd9e5e4c8b7fda1b5d16b1a10dd7.jpg', params='', query='', fragment='')
Image Source:  ParseResult(scheme='http', netloc='t.info.samsungusa.com', path='/res/samsung/8412106cdded3cee83544bb756eb8a5e.jpg', params='', query='', fragment='')
Image Source:  ParseResult(scheme='http', netloc='t.info.samsungusa.com', path='/res/samsung/17a83e1911abb96f011a82f4bf4596e3.jpg', params='', query='', fragment='')
Image Source:  ParseResult(scheme='http', netloc='t.info.samsungusa.com', path='/res/samsung/5bb6fbb6219218684015f0b15d8d79b5.jpg', params='', query='', fragment='')
Image Source:  ParseResult(scheme='http', netloc='t.info.samsungusa.com', path='/res/samsung/9f0ce23453d75a4e062140a166dd7564.jpg', params='', query='', fragment='')
Image Source:  ParseResult(scheme='http', netloc='t.info.samsungusa.com', path='/res/samsung/M8_eComm_200211_04.jpg', params='', query='', fragment='')
Image Source:  ParseResult(scheme='http', netloc='t.info.samsungusa.com', path='/res/samsung/M8_eComm_190801_05.jpg', params='', query='', fragment='')
Image Source:  ParseResult(scheme='http', netloc='t.info.samsungusa.com', path='/res/samsung/M8_eComm_190801_06.jpg', params='', query='', fragment='')
Image Source:  ParseResult(scheme='http', netloc='t.info.samsungusa.com', path='/res/samsung/9Z_Foldable_Portfolio_Star_Rating_Bottom2_201016_RO_25px.jpg', params='', query='', fragment='')
Image Source:  ParseResult(scheme='http', netloc='t.info.samsungusa.com', path='/res/samsung/9Z_Foldable_Portfolio_Star_Rating_Bottom2_201016_RI_25px.jpg', params='', query='', fragment='')
Image Source:  ParseResult(scheme='http', netloc='t.info.samsungusa.com', path='/res/samsung/9Z_Foldable_Portfolio_Star_Rating_Bottom2_201016_RO_25px.jpg', params='', query='', fragment='')
Image Source:  ParseResult(scheme='http', netloc='t.info.samsungusa.com', path='/res/samsung/9Z_Foldable_Portfolio_Star_Rating_Bottom2_201016_RI_25px.jpg', params='', query='', fragment='')
Image Source:  ParseResult(scheme='http', netloc='t.info.samsungusa.com', path='/res/samsung/9Z_Foldable_Portfolio_Star_Rating_Bottom2_201016_RO_25px.jpg', params='', query='', fragment='')
Image Source:  ParseResult(scheme='http', netloc='t.info.samsungusa.com', path='/res/samsung/9Z_Foldable_Portfolio_Star_Rating_Bottom2_201016_RI_25px.jpg', params='', query='', fragment='')
Image Source:  ParseResult(scheme='http', netloc='t.info.samsungusa.com', path='/res/samsung/9Z_Foldable_Portfolio_Star_Rating_Bottom2_201016_RO_25px.jpg', params='', query='', fragment='')
Image Source:  ParseResult(scheme='http', netloc='t.info.samsungusa.com', path='/res/samsung/9Z_Foldable_Portfolio_Star_Rating_Bottom2_201016_RI_25px.jpg', params='', query='', fragment='')
Image Source:  ParseResult(scheme='http', netloc='t.info.samsungusa.com', path='/res/samsung/9Z_Foldable_Portfolio_Star_Rating_Bottom2_201016_RO_25px.jpg', params='', query='', fragment='')
Image Source:  ParseResult(scheme='http', netloc='t.info.samsungusa.com', path='/res/samsung/9Z_Foldable_Portfolio_Star_Rating_Bottom2_201016_RI_25px.jpg', params='', query='', fragment='')
Image Source:  ParseResult(scheme='http', netloc='t.info.samsungusa.com', path='/res/samsung/M8_Template_PayOverTime_180716_01.png', params='', query='', fragment='')
Image Source:  ParseResult(scheme='http', netloc='t.info.samsungusa.com', path='/res/samsung/M8_Template_FreeShipping_180716_01.png', params='', query='', fragment='')
Image Source:  ParseResult(scheme='http', netloc='t.info.samsungusa.com', path='/res/samsung/M8_Template_Shop_180716_01.png', params='', query='', fragment='')
Image Source:  ParseResult(scheme='http', netloc='t.info.samsungusa.com', path='/res/samsung/a955a031668cb5b882a9920891767578.png', params='', query='', fragment='')
Image Source:  ParseResult(scheme='http', netloc='t.info.samsungusa.com', path='/res/samsung/a85ec5da94182087314d37672cfb7b8a.png', params='', query='', fragment='')
Image Source:  ParseResult(scheme='http', netloc='t.info.samsungusa.com', path='/res/samsung/91fb3644abee2900ab70eb08a6468fc2.png', params='', query='', fragment='')
Image Source:  ParseResult(scheme='http', netloc='t.info.samsungusa.com', path='/res/samsung/308bf86fce22ccd6da7cf035065e65dd.png', params='', query='', fragment='')
Image Source:  ParseResult(scheme='http', netloc='t.info.samsungusa.com', path='/res/samsung/9Z_Foldable_Portfolio_Star_Rating_Top2_p2_201016.png', params='', query='', fragment='')
Image Source:  ParseResult(scheme='http', netloc='t.info.samsungusa.com', path='/res/samsung/9Z_Foldable_Portfolio_Star_Rating_Bottom2_201016.png', params='', query='', fragment='')
#################### Extract Images End ####################
#################### Subject Line Text Start ####################
#################### Subject Line Text End ####################
#################### Converting Json --> Html Start ####################
Traceback (most recent call last):
  File "C:/Users/a.ferdous.CORP/PycharmProjects/com.CheckProofing/creative_analyzer_final_copy/scripts/python/wrapper.py", line 239, in <module>
    main_scrapper(sys.argv[1:])
  File "C:/Users/a.ferdous.CORP/PycharmProjects/com.CheckProofing/creative_analyzer_final_copy/scripts/python/wrapper.py", line 228, in main_scrapper
    html_converter_obj.get_html_converter()
  File "C:\Users\a.ferdous.CORP\PycharmProjects\com.CheckProofing\creative_analyzer_final_copy\scripts\python\resources\report_generator_sub_report.py", line 228, in get_html_converter
    lokesh = json.load(outfile)
  File "C:\Users\a.ferdous.CORP\AppData\Local\Programs\Python\Python38\lib\json\__init__.py", line 293, in load
    return loads(fp.read(),
  File "C:\Users\a.ferdous.CORP\AppData\Local\Programs\Python\Python38\lib\encodings\cp1252.py", line 23, in decode
    return codecs.charmap_decode(input,self.errors,decoding_table)[0]
UnicodeDecodeError: 'charmap' codec can't decode byte 0x9d in position 4529: character maps to <undefined>
libpng warning: iCCP: known incorrect sRGB profile
Start Time: Tue, Feb  9, 2021  9:56:47 PM
End Time: Tue, Feb  9, 2021  9:58:13 PM
Total Elapsed Time = 0:01:26
done
